<?xml version="1.0" encoding="UTF-8"?>
<robot generator="Robot 4.1 (Python 3.9.6 on win32)" generated="20210813 15:37:12.560" rpa="false" schemaversion="2">
<suite id="s1" name="Player" source="C:\rfw\parodify\tests\player.robot">
<test id="s1-t1" name="Reproduzir paródia Bug de Manhã">
<kw name="Open Login Page" library="auth">
<kw name="New Browser" library="Browser">
<arg>${browser}</arg>
<arg>${false}</arg>
<tag>BrowserControl</tag>
<tag>Setter</tag>
<doc>Create a new playwright Browser with specified options.
See `Browser, Context and Page` for more information about Browser and related concepts.</doc>
<msg timestamp="20210813 15:37:13.464" level="INFO">{"browser": "chromium", "headless": false, "handleSIGINT": true, "handleSIGTERM": true, "handleSIGHUP": true, "timeout": 30000.0, "devtools": false, "slowMo": 0.0, "tracesDir": "C:\\rfw\\parodify\\logs\\browser\\traces\\60d8871c-92a6-497e-9041-061f0e84342f"}</msg>
<msg timestamp="20210813 15:37:14.411" level="INFO">Successfully created browser with options: {"browser":"chromium","headless":false,"handleSIGINT":true,"handleSIGTERM":true,"handleSIGHUP":true,"timeout":30000,"devtools":false,"slowMo":0,"tracesDir":"C:\\rfw\\parodify\\logs\\browser\\traces\\60d8871c-92a6-497e-9041-061f0e84342f"}</msg>
<status status="PASS" starttime="20210813 15:37:13.463" endtime="20210813 15:37:14.412"/>
</kw>
<kw name="New Page" library="Browser">
<arg>http://parodify.herokuapp.com/users/sign_in</arg>
<tag>BrowserControl</tag>
<tag>Setter</tag>
<doc>Open a new Page. A Page is the Playwright equivalent to a tab.
See `Browser, Context and Page` for more information about Page concept.
Returns a stable identifier for the created page.</doc>
<msg timestamp="20210813 15:37:17.410" level="INFO">Successfully initialized new page object and opened url: http://parodify.herokuapp.com/users/sign_in</msg>
<msg timestamp="20210813 15:37:17.411" level="INFO">No context was open. New context was automatically opened when this page is created.</msg>
<status status="PASS" starttime="20210813 15:37:14.412" endtime="20210813 15:37:17.412"/>
</kw>
<status status="PASS" starttime="20210813 15:37:13.463" endtime="20210813 15:37:17.413"/>
</kw>
<kw name="Login With" library="auth">
<arg>papito@parodify.com</arg>
<arg>pwd123</arg>
<kw name="Fill Text" library="Browser">
<arg>css=input[name*=email]</arg>
<arg>${email_arg}</arg>
<tag>PageContent</tag>
<tag>Setter</tag>
<doc>Clears and fills the given ``text`` into the text field found by ``selector``.</doc>
<msg timestamp="20210813 15:37:17.423" level="INFO">Fills the text 'papito@parodify.com' in the given field.</msg>
<status status="PASS" starttime="20210813 15:37:17.422" endtime="20210813 15:37:17.484"/>
</kw>
<kw name="Fill Text" library="Browser">
<arg>css=#user_password</arg>
<arg>${pass_arg}</arg>
<tag>PageContent</tag>
<tag>Setter</tag>
<doc>Clears and fills the given ``text`` into the text field found by ``selector``.</doc>
<msg timestamp="20210813 15:37:17.485" level="INFO">Fills the text 'pwd123' in the given field.</msg>
<status status="PASS" starttime="20210813 15:37:17.484" endtime="20210813 15:37:17.502"/>
</kw>
<kw name="Click" library="Browser">
<arg>css=input[value="Log in"]</arg>
<tag>PageContent</tag>
<tag>Setter</tag>
<doc>Simulates mouse click on the element found by ``selector``.</doc>
<status status="PASS" starttime="20210813 15:37:17.502" endtime="20210813 15:37:18.129"/>
</kw>
<status status="PASS" starttime="20210813 15:37:17.421" endtime="20210813 15:37:18.130"/>
</kw>
<kw name="Logout Link Should Be visible" library="auth">
<kw name="Wait For Elements State" library="Browser">
<arg>${LOGOUT_LINK}</arg>
<arg>visible</arg>
<arg>10</arg>
<tag>PageContent</tag>
<tag>Wait</tag>
<doc>Waits for the element found by ``selector`` to satisfy state option.</doc>
<msg timestamp="20210813 15:37:18.431" level="INFO">Wait for Element with selector: css=a[href$=sign_out]</msg>
<status status="PASS" starttime="20210813 15:37:18.135" endtime="20210813 15:37:18.431"/>
</kw>
<status status="PASS" starttime="20210813 15:37:18.135" endtime="20210813 15:37:18.431"/>
</kw>
<kw name="Go To Search Page" library="nav">
<kw name="Click" library="Browser">
<arg>css=a[href*=search]</arg>
<tag>PageContent</tag>
<tag>Setter</tag>
<doc>Simulates mouse click on the element found by ``selector``.</doc>
<status status="PASS" starttime="20210813 15:37:18.433" endtime="20210813 15:37:18.492"/>
</kw>
<kw name="Wait For Elements State" library="Browser">
<arg>xpath=//h2[contains(text(), "Buscar")]</arg>
<arg>visible</arg>
<arg>10</arg>
<tag>PageContent</tag>
<tag>Wait</tag>
<doc>Waits for the element found by ``selector`` to satisfy state option.</doc>
<msg timestamp="20210813 15:37:18.858" level="INFO">Wait for Element with selector: xpath=//h2[contains(text(), "Buscar")]</msg>
<status status="PASS" starttime="20210813 15:37:18.492" endtime="20210813 15:37:18.858"/>
</kw>
<status status="PASS" starttime="20210813 15:37:18.432" endtime="20210813 15:37:18.858"/>
</kw>
<kw name="Go To Category Sertanejo" library="nav">
<kw name="Click" library="Browser">
<arg>xpath=//img[contains(@src, "sertanejo")]/..</arg>
<tag>PageContent</tag>
<tag>Setter</tag>
<doc>Simulates mouse click on the element found by ``selector``.</doc>
<status status="PASS" starttime="20210813 15:37:18.859" endtime="20210813 15:37:19.241"/>
</kw>
<kw name="Wait For Elements State" library="Browser">
<arg>xpath=//h2[contains(text(), "Sertanejo")]</arg>
<arg>visible</arg>
<arg>10</arg>
<tag>PageContent</tag>
<tag>Wait</tag>
<doc>Waits for the element found by ``selector`` to satisfy state option.</doc>
<msg timestamp="20210813 15:37:19.491" level="INFO">Wait for Element with selector: xpath=//h2[contains(text(), "Sertanejo")]</msg>
<status status="PASS" starttime="20210813 15:37:19.242" endtime="20210813 15:37:19.492"/>
</kw>
<status status="PASS" starttime="20210813 15:37:18.858" endtime="20210813 15:37:19.492"/>
</kw>
<kw name="Open Album From" library="nav">
<arg>Marcus e Debug</arg>
<kw name="Click" library="Browser">
<arg>xpath=//p[contains(text(), "${artist_name}")]//..</arg>
<tag>PageContent</tag>
<tag>Setter</tag>
<doc>Simulates mouse click on the element found by ``selector``.</doc>
<status status="PASS" starttime="20210813 15:37:19.493" endtime="20210813 15:37:19.559"/>
</kw>
<kw name="Wait For Elements State" library="Browser">
<arg>xpath=//h2[contains(text(), "Músicas")]</arg>
<arg>visible</arg>
<arg>10</arg>
<tag>PageContent</tag>
<tag>Wait</tag>
<doc>Waits for the element found by ``selector`` to satisfy state option.</doc>
<msg timestamp="20210813 15:37:19.828" level="INFO">Wait for Element with selector: xpath=//h2[contains(text(), "Músicas")]</msg>
<status status="PASS" starttime="20210813 15:37:19.559" endtime="20210813 15:37:19.828"/>
</kw>
<status status="PASS" starttime="20210813 15:37:19.492" endtime="20210813 15:37:19.829"/>
</kw>
<kw name="Play Song" library="song">
<arg>Bug de Manhã</arg>
<kw name="Click" library="Browser">
<arg>xpath=//h2[contains(text(), "${song_name}")]//..//..//div[contains(@class, "play")]//a</arg>
<tag>PageContent</tag>
<tag>Setter</tag>
<doc>Simulates mouse click on the element found by ``selector``.</doc>
<status status="PASS" starttime="20210813 15:37:19.830" endtime="20210813 15:37:19.895"/>
</kw>
<status status="PASS" starttime="20210813 15:37:19.829" endtime="20210813 15:37:19.895"/>
</kw>
<kw name="Song Should Be Playing" library="song">
<arg>Bug de Manhã</arg>
<kw name="Get Style" library="Browser">
<arg>xpath=//h2[contains(text(), "${song_name}")]/../../..</arg>
<arg>color</arg>
<arg>equal</arg>
<arg>rgb(225, 0, 180)</arg>
<tag>Assertion</tag>
<tag>Getter</tag>
<tag>PageContent</tag>
<doc>Gets the computed style properties of the element selected by ``selector``.</doc>
<msg timestamp="20210813 15:37:19.909" level="INFO">Value of key: color</msg>
<msg timestamp="20210813 15:37:19.909" level="INFO">Value of selected property: rgb(225, 0, 180)</msg>
<status status="PASS" starttime="20210813 15:37:19.896" endtime="20210813 15:37:19.910"/>
</kw>
<status status="PASS" starttime="20210813 15:37:19.896" endtime="20210813 15:37:19.910"/>
</kw>
<kw name="Take Screenshot" library="Browser" type="TEARDOWN">
<tag>PageContent</tag>
<doc>Takes a screenshot of the current window and saves it.</doc>
<msg timestamp="20210813 15:37:20.039" level="INFO" html="true">&lt;/td&gt;&lt;/tr&gt;&lt;tr&gt;&lt;td colspan="3"&gt;&lt;a href="browser/screenshot/robotframework-browser-screenshot-1.png"&gt;&lt;img src="browser/screenshot/robotframework-browser-screenshot-1.png" width="800px"&gt;&lt;/a&gt;</msg>
<status status="PASS" starttime="20210813 15:37:19.910" endtime="20210813 15:37:20.039"/>
</kw>
<status status="PASS" starttime="20210813 15:37:13.460" endtime="20210813 15:37:20.040"/>
</test>
<doc>Testando o player de paródias</doc>
<status status="PASS" starttime="20210813 15:37:12.562" endtime="20210813 15:37:20.135"/>
</suite>
<statistics>
<total>
<stat pass="1" fail="0" skip="0">All Tests</stat>
</total>
<tag>
</tag>
<suite>
<stat pass="1" fail="0" skip="0" id="s1" name="Player">Player</stat>
</suite>
</statistics>
<errors>
</errors>
</robot>
